<?xml version="1.0" encoding="UTF-8"?>
<testng-results ignored="0" total="2" passed="2" failed="0" skipped="0">
  <reporter-output>
  </reporter-output>
  <suite started-at="2025-02-09T20:29:05 IST" name="Surefire suite" finished-at="2025-02-09T20:29:56 IST" duration-ms="50160">
    <groups>
      <group name="Master">
        <method signature="TC001_AccountRegistrationTest.verify_account_registration()[pri:0, instance:testCases.TC001_AccountRegistrationTest@7d64e326]" name="verify_account_registration" class="testCases.TC001_AccountRegistrationTest"/>
        <method signature="TC002_LoginTests.verify_login()[pri:0, instance:testCases.TC002_LoginTests@68be8808]" name="verify_login" class="testCases.TC002_LoginTests"/>
      </group> <!-- Master -->
      <group name="Sanity">
        <method signature="TC002_LoginTests.verify_login()[pri:0, instance:testCases.TC002_LoginTests@68be8808]" name="verify_login" class="testCases.TC002_LoginTests"/>
      </group> <!-- Sanity -->
      <group name="Regression">
        <method signature="TC001_AccountRegistrationTest.verify_account_registration()[pri:0, instance:testCases.TC001_AccountRegistrationTest@7d64e326]" name="verify_account_registration" class="testCases.TC001_AccountRegistrationTest"/>
      </group> <!-- Regression -->
    </groups>
    <test started-at="2025-02-09T20:29:05 IST" name="Surefire test" finished-at="2025-02-09T20:29:56 IST" duration-ms="50160">
      <class name="testCases.TC002_LoginTests">
        <test-method is-config="true" signature="setup(java.lang.String,java.lang.String)[pri:0, instance:testCases.TC002_LoginTests@68be8808]" started-at="2025-02-09T20:29:36 IST" name="setup" finished-at="2025-02-09T20:29:44 IST" duration-ms="7522" status="PASS">
          <params>
            <param index="0">
              <value>
                <![CDATA[windows]]>
              </value>
            </param>
            <param index="1">
              <value>
                <![CDATA[chrome]]>
              </value>
            </param>
          </params>
          <reporter-output>
          </reporter-output>
        </test-method> <!-- setup -->
        <test-method signature="verify_login()[pri:0, instance:testCases.TC002_LoginTests@68be8808]" started-at="2025-02-09T20:29:44 IST" name="verify_login" finished-at="2025-02-09T20:29:55 IST" duration-ms="11890" status="PASS">
          <reporter-output>
          </reporter-output>
        </test-method> <!-- verify_login -->
        <test-method is-config="true" signature="tearDown()[pri:0, instance:testCases.TC002_LoginTests@68be8808]" started-at="2025-02-09T20:29:55 IST" name="tearDown" finished-at="2025-02-09T20:29:56 IST" duration-ms="180" status="PASS">
          <reporter-output>
          </reporter-output>
        </test-method> <!-- tearDown -->
      </class> <!-- testCases.TC002_LoginTests -->
      <class name="testCases.TC001_AccountRegistrationTest">
        <test-method is-config="true" signature="setup(java.lang.String,java.lang.String)[pri:0, instance:testCases.TC001_AccountRegistrationTest@7d64e326]" started-at="2025-02-09T20:29:06 IST" name="setup" finished-at="2025-02-09T20:29:14 IST" duration-ms="8717" status="PASS">
          <params>
            <param index="0">
              <value>
                <![CDATA[windows]]>
              </value>
            </param>
            <param index="1">
              <value>
                <![CDATA[chrome]]>
              </value>
            </param>
          </params>
          <reporter-output>
          </reporter-output>
        </test-method> <!-- setup -->
        <test-method signature="verify_account_registration()[pri:0, instance:testCases.TC001_AccountRegistrationTest@7d64e326]" started-at="2025-02-09T20:29:14 IST" name="verify_account_registration" finished-at="2025-02-09T20:29:36 IST" duration-ms="21552" status="PASS">
          <reporter-output>
          </reporter-output>
        </test-method> <!-- verify_account_registration -->
        <test-method is-config="true" signature="tearDown()[pri:0, instance:testCases.TC001_AccountRegistrationTest@7d64e326]" started-at="2025-02-09T20:29:36 IST" name="tearDown" finished-at="2025-02-09T20:29:36 IST" duration-ms="201" status="PASS">
          <reporter-output>
          </reporter-output>
        </test-method> <!-- tearDown -->
      </class> <!-- testCases.TC001_AccountRegistrationTest -->
    </test> <!-- Surefire test -->
  </suite> <!-- Surefire suite -->
</testng-results>
