<?xml version="1.0" encoding="UTF-8"?>
<testng-results ignored="0" total="1" passed="1" failed="0" skipped="0">
  <reporter-output>
  </reporter-output>
  <suite started-at="2025-02-09T19:12:28 IST" name="Suite" finished-at="2025-02-09T19:13:39 IST" duration-ms="70846">
    <groups>
      <group name="Master">
        <method signature="TC002_LoginTests.verify_login()[pri:0, instance:testCases.TC002_LoginTests@26425897]" name="verify_login" class="testCases.TC002_LoginTests"/>
      </group> <!-- Master -->
      <group name="Sanity">
        <method signature="TC002_LoginTests.verify_login()[pri:0, instance:testCases.TC002_LoginTests@26425897]" name="verify_login" class="testCases.TC002_LoginTests"/>
      </group> <!-- Sanity -->
    </groups>
    <test started-at="2025-02-09T19:12:28 IST" name="Test" finished-at="2025-02-09T19:13:39 IST" duration-ms="70846">
      <class name="testCases.TC002_LoginTests">
        <test-method is-config="true" signature="setup(java.lang.String,java.lang.String)[pri:0, instance:testCases.TC002_LoginTests@26425897]" started-at="2025-02-09T19:12:29 IST" name="setup" finished-at="2025-02-09T19:13:22 IST" duration-ms="53495" status="PASS">
          <params>
            <param index="0">
              <value>
                <![CDATA[windows]]>
              </value>
            </param>
            <param index="1">
              <value>
                <![CDATA[edge]]>
              </value>
            </param>
          </params>
          <reporter-output>
          </reporter-output>
        </test-method> <!-- setup -->
        <test-method signature="verify_login()[pri:0, instance:testCases.TC002_LoginTests@26425897]" started-at="2025-02-09T19:13:22 IST" name="verify_login" finished-at="2025-02-09T19:13:39 IST" duration-ms="16465" status="PASS">
          <reporter-output>
          </reporter-output>
        </test-method> <!-- verify_login -->
        <test-method is-config="true" signature="tearDown()[pri:0, instance:testCases.TC002_LoginTests@26425897]" started-at="2025-02-09T19:13:39 IST" name="tearDown" finished-at="2025-02-09T19:13:39 IST" duration-ms="304" status="PASS">
          <reporter-output>
          </reporter-output>
        </test-method> <!-- tearDown -->
      </class> <!-- testCases.TC002_LoginTests -->
    </test> <!-- Test -->
  </suite> <!-- Suite -->
</testng-results>
